2021-12-07 16:25:34 - INFO - "GET / HTTP/1.1" 200 1219
2021-12-07 16:25:34 - INFO - "GET /static/style.css HTTP/1.1" 200 648
2021-12-07 16:25:34 - INFO - "GET /favicon.ico HTTP/1.1" 200 1739
2021-12-07 16:35:24 - INFO - "GET / HTTP/1.1" 200 1219
2021-12-07 16:35:24 - INFO - "GET /static/style.css HTTP/1.1" 304 0
2021-12-07 16:35:24 - INFO - "GET /favicon.ico HTTP/1.1" 200 1739
2021-12-07 16:35:24 - WARNING - "GET /blogs HTTP/1.1" 404 1536
2021-12-07 16:35:41 - ERROR - TemplateNotFound in 0 on line 0
2021-12-07 16:35:41 - ERROR - "GET /blog HTTP/1.1" 500 1055171
2021-12-07 16:35:52 - ERROR - TemplateNotFound in 0 on line 0
2021-12-07 16:35:52 - ERROR - "GET /blog HTTP/1.1" 500 1055222
2021-12-07 16:37:06 - ERROR - TemplateNotFound in 0 on line 0
2021-12-07 16:37:06 - ERROR - "GET /blog HTTP/1.1" 500 1055222
2021-12-07 16:39:13 - ERROR - TemplateNotFound in 0 on line 0
2021-12-07 16:39:13 - ERROR - "GET /blog HTTP/1.1" 500 1055222
2021-12-07 16:41:15 - ERROR - TemplateNotFound in 0 on line 0
2021-12-07 16:41:15 - ERROR - "GET /blog HTTP/1.1" 500 1055092
2021-12-07 16:43:37 - ERROR - SyntaxError in 0 on line 0
2021-12-07 16:43:37 - ERROR - "GET /blog HTTP/1.1" 500 1039451
2021-12-07 16:46:40 - INFO - "GET / HTTP/1.1" 200 1219
2021-12-07 16:46:40 - INFO - "GET /static/style.css HTTP/1.1" 304 0
2021-12-07 16:46:40 - WARNING - "GET /blogs HTTP/1.1" 404 1536
2021-12-07 16:47:02 - ERROR - TemplateNotFound in 0 on line 0
2021-12-07 16:47:02 - ERROR - "GET /blog HTTP/1.1" 500 1055171
2021-12-07 16:50:08 - ERROR - TemplateNotFound in 0 on line 0
2021-12-07 16:50:08 - ERROR - "GET /blog HTTP/1.1" 500 1055222
2021-12-07 16:51:22 - ERROR - TemplateNotFound in 0 on line 0
2021-12-07 16:51:22 - ERROR - "GET /blog HTTP/1.1" 500 1055222
2021-12-07 16:53:22 - ERROR - TemplateNotFound in 0 on line 0
2021-12-07 17:02:29 - INFO - "GET /blog HTTP/1.1" 200 14
2021-12-07 17:02:29 - INFO - "GET /favicon.ico HTTP/1.1" 200 1739
2021-12-07 17:08:27 - INFO - "GET / HTTP/1.1" 200 2618
2021-12-07 17:08:27 - INFO - "GET /static/style.css HTTP/1.1" 304 0
2021-12-07 17:08:27 - INFO - "GET /register HTTP/1.1" 200 3569
2021-12-07 17:08:27 - INFO - "POST /register HTTP/1.1" 302 15
2021-12-07 17:08:27 - INFO - "GET /home HTTP/1.1" 200 2073
2021-12-07 17:25:24 - INFO - "GET /blog HTTP/1.1" 200 389
2021-12-07 17:25:24 - INFO - "GET /static/blog.css HTTP/1.1" 200 50
2021-12-07 17:25:24 - INFO - "POST /blog/create HTTP/1.1" 200 12
2021-12-07 17:25:24 - INFO - "GET /blog HTTP/1.1" 200 389
2021-12-07 18:05:47 - INFO - "GET /posts HTTP/1.1" 200 58
2021-12-07 18:05:47 - INFO - "GET /blog HTTP/1.1" 200 389
2021-12-07 18:05:47 - INFO - "GET /static/blog.css HTTP/1.1" 304 0
2021-12-07 18:05:47 - INFO - "POST /blog/create HTTP/1.1" 200 12
2021-12-07 18:05:47 - INFO - "GET /blog/ HTTP/1.1" 200 389
2021-12-07 18:05:47 - INFO - "POST /blog/create HTTP/1.1" 200 12
2021-12-07 18:05:47 - INFO - "GET /blog/ HTTP/1.1" 200 389
2021-12-07 18:05:47 - INFO - "POST /blog/create HTTP/1.1" 200 12
2021-12-07 18:05:47 - INFO - "GET /blog/ HTTP/1.1" 200 389
2021-12-07 18:05:47 - INFO - "POST /blog/create HTTP/1.1" 200 12
2021-12-07 18:05:47 - INFO - "GET /blog/ HTTP/1.1" 200 389
2021-12-07 18:05:47 - INFO - "GET /posts HTTP/1.1" 200 314
2021-12-07 18:11:18 - INFO - "GET /post/1 HTTP/1.1" 200 40
2021-12-07 18:11:18 - INFO - "GET /post/2 HTTP/1.1" 200 46
2021-12-07 18:21:32 - INFO - "GET / HTTP/1.1" 200 2507
2021-12-07 18:21:32 - INFO - "GET /static/style.css HTTP/1.1" 304 0
2021-12-07 18:21:32 - INFO - "GET /blog HTTP/1.1" 200 389
2021-12-07 18:21:32 - INFO - "GET /static/blog.css HTTP/1.1" 304 0
2021-12-07 18:21:32 - INFO - "GET /posts HTTP/1.1" 200 354
2021-12-08 16:01:55 - INFO - "GET /login HTTP/1.1" 200 3619
2021-12-08 16:01:55 - INFO - "GET /favicon.ico HTTP/1.1" 200 1739
2021-12-08 16:01:55 - INFO - "GET /blog HTTP/1.1" 200 87
2021-12-08 16:01:55 - INFO - "GET /static/blog.css HTTP/1.1" 304 0
2021-12-08 16:01:55 - INFO - "GET /blog/ HTTP/1.1" 200 87
2021-12-08 16:01:55 - WARNING - "GET /blog/create HTTP/1.1" 405 1554
2021-12-08 16:01:55 - INFO - "GET /posts HTTP/1.1" 200 354
2021-12-08 16:03:40 - INFO - "GET /posts HTTP/1.1" 200 354
2021-12-08 16:03:40 - INFO - "GET /favicon.ico HTTP/1.1" 200 1739
2021-12-08 16:03:40 - INFO - "GET /blog HTTP/1.1" 200 87
